[    0.000000] Linux version 4.15.0-213-generic (buildd@lcy02-amd64-079) (gcc version 7.5.0 (Ubuntu 7.5.0-3ubuntu1~18.04)) #224-Ubuntu SMP Mon Jun 19 13:30:12 UTC 2023 (Ubuntu 4.15.0-213.224-generic 4.15.18)
[    0.000000] Command line: BOOT_IMAGE=/boot/vmlinuz-4.15.0-213-generic root=UUID=f685bb41-0e3b-40c4-89c1-eea0f0583525 ro console=tty1 console=ttyS0
[    0.000000] KERNEL supported cpus:
[    0.000000]   Intel GenuineIntel
[    0.000000]   AMD AuthenticAMD
[    0.000000]   Centaur CentaurHauls
[    0.000000] x86/fpu: Supporting XSAVE feature 0x001: 'x87 floating point registers'
[    0.000000] x86/fpu: Supporting XSAVE feature 0x002: 'SSE registers'
[    0.000000] x86/fpu: Supporting XSAVE feature 0x004: 'AVX registers'
[    0.000000] x86/fpu: xstate_offset[2]:  576, xstate_sizes[2]:  256
[    0.000000] x86/fpu: Enabled xstate features 0x7, context size is 832 bytes, using 'standard' format.
[    0.000000] e820: BIOS-provided physical RAM map:
[    0.000000] BIOS-e820: [mem 0x0000000000000000-0x000000000009fbff] usable
[    0.000000] BIOS-e820: [mem 0x000000000009fc00-0x000000000009ffff] reserved
[    0.000000] BIOS-e820: [mem 0x00000000000f0000-0x00000000000fffff] reserved
[    0.000000] BIOS-e820: [mem 0x0000000000100000-0x000000003ffeffff] usable
[    0.000000] BIOS-e820: [mem 0x000000003fff0000-0x000000003fffffff] ACPI data
[    0.000000] BIOS-e820: [mem 0x00000000fec00000-0x00000000fec00fff] reserved
[    0.000000] BIOS-e820: [mem 0x00000000fee00000-0x00000000fee00fff] reserved
[    0.000000] BIOS-e820: [mem 0x00000000fffc0000-0x00000000ffffffff] reserved
[    0.000000] NX (Execute Disable) protection: active
[    0.000000] SMBIOS 2.5 present.
[    0.000000] DMI: innotek GmbH VirtualBox/VirtualBox, BIOS VirtualBox 12/01/2006
[    0.000000] Hypervisor detected: KVM
[    0.000000] e820: last_pfn = 0x3fff0 max_arch_pfn = 0x400000000
[    0.000000] MTRR: Disabled
[    0.000000] x86/PAT: MTRRs disabled, skipping PAT initialization too.
[    0.000000] CPU MTRRs all blank - virtualized system.
[    0.000000] x86/PAT: Configuration [0-7]: WB  WT  UC- UC  WB  WT  UC- UC  
[    0.000000] found SMP MP-table at [mem 0x0009fff0-0x0009ffff]
[    0.000000] Scanning 1 areas for low memory corruption
[    0.000000] RAMDISK: [mem 0x35819000-0x36c03fff]
[    0.000000] ACPI: Early table checksum verification disabled
[    0.000000] ACPI: RSDP 0x00000000000E0000 000024 (v02 VBOX  )
[    0.000000] ACPI: XSDT 0x000000003FFF0030 00003C (v01 VBOX   VBOXXSDT 00000001 ASL  00000061)
[    0.000000] ACPI: FACP 0x000000003FFF00F0 0000F4 (v04 VBOX   VBOXFACP 00000001 ASL  00000061)
[    0.000000] ACPI: DSDT 0x000000003FFF0610 002353 (v02 VBOX   VBOXBIOS 00000002 INTL 20100528)
[    0.000000] ACPI: FACS 0x000000003FFF0200 000040
[    0.000000] ACPI: FACS 0x000000003FFF0200 000040
[    0.000000] ACPI: APIC 0x000000003FFF0240 00005C (v02 VBOX   VBOXAPIC 00000001 ASL  00000061)
[    0.000000] ACPI: SSDT 0x000000003FFF02A0 00036C (v01 VBOX   VBOXCPUT 00000002 INTL 20100528)
[    0.000000] ACPI: Reserving FACP table memory at [mem 0x3fff00f0-0x3fff01e3]
[    0.000000] ACPI: Reserving DSDT table memory at [mem 0x3fff0610-0x3fff2962]
[    0.000000] ACPI: Reserving FACS table memory at [mem 0x3fff0200-0x3fff023f]
[    0.000000] ACPI: Reserving FACS table memory at [mem 0x3fff0200-0x3fff023f]
[    0.000000] ACPI: Reserving APIC table memory at [mem 0x3fff0240-0x3fff029b]
[    0.000000] ACPI: Reserving SSDT table memory at [mem 0x3fff02a0-0x3fff060b]
[    0.000000] No NUMA configuration found
[    0.000000] Faking a node at [mem 0x0000000000000000-0x000000003ffeffff]
[    0.000000] NODE_DATA(0) allocated [mem 0x3ffc5000-0x3ffeffff]
[    0.000000] kvm-clock: cpu 0, msr 0:3ff44001, primary cpu clock
[    0.000000] kvm-clock: Using msrs 4b564d01 and 4b564d00
[    0.000000] kvm-clock: using sched offset of 3365068376 cycles
[    0.000000] clocksource: kvm-clock: mask: 0xffffffffffffffff max_cycles: 0x1cd42e4dffb, max_idle_ns: 881590591483 ns
[    0.000000] Zone ranges:
[    0.000000]   DMA      [mem 0x0000000000001000-0x0000000000ffffff]
[    0.000000]   DMA32    [mem 0x0000000001000000-0x000000003ffeffff]
[    0.000000]   Normal   empty
[    0.000000]   Device   empty
[    0.000000] Movable zone start for each node
[    0.000000] Early memory node ranges
[    0.000000]   node   0: [mem 0x0000000000001000-0x000000000009efff]
[    0.000000]   node   0: [mem 0x0000000000100000-0x000000003ffeffff]
[    0.000000] Reserved but unavailable: 104 pages
[    0.000000] Initmem setup node 0 [mem 0x0000000000001000-0x000000003ffeffff]
[    0.000000] ACPI: PM-Timer IO Port: 0x4008
[    0.000000] IOAPIC[0]: apic_id 2, version 32, address 0xfec00000, GSI 0-23
[    0.000000] ACPI: INT_SRC_OVR (bus 0 bus_irq 0 global_irq 2 dfl dfl)
[    0.000000] ACPI: INT_SRC_OVR (bus 0 bus_irq 9 global_irq 9 low level)
[    0.000000] Using ACPI (MADT) for SMP configuration information
[    0.000000] smpboot: Allowing 2 CPUs, 0 hotplug CPUs
[    0.000000] PM: Registered nosave memory: [mem 0x00000000-0x00000fff]
[    0.000000] PM: Registered nosave memory: [mem 0x0009f000-0x0009ffff]
[    0.000000] PM: Registered nosave memory: [mem 0x000a0000-0x000effff]
[    0.000000] PM: Registered nosave memory: [mem 0x000f0000-0x000fffff]
[    0.000000] e820: [mem 0x40000000-0xfebfffff] available for PCI devices
[    0.000000] Booting paravirtualized kernel on KVM
[    0.000000] clocksource: refined-jiffies: mask: 0xffffffff max_cycles: 0xffffffff, max_idle_ns: 7645519600211568 ns
[    0.000000] setup_percpu: NR_CPUS:8192 nr_cpumask_bits:2 nr_cpu_ids:2 nr_node_ids:1
[    0.000000] percpu: Embedded 50 pages/cpu s167936 r8192 d28672 u1048576
[    0.000000] PV qspinlock hash table entries: 256 (order: 0, 4096 bytes)
[    0.000000] Built 1 zonelists, mobility grouping on.  Total pages: 257913
[    0.000000] Policy zone: DMA32
[    0.000000] Kernel command line: BOOT_IMAGE=/boot/vmlinuz-4.15.0-213-generic root=UUID=f685bb41-0e3b-40c4-89c1-eea0f0583525 ro console=tty1 console=ttyS0
[    0.000000] Memory: 981776K/1048120K available (12300K kernel code, 2477K rwdata, 4324K rodata, 2480K init, 2720K bss, 66344K reserved, 0K cma-reserved)
[    0.000000] SLUB: HWalign=64, Order=0-3, MinObjects=0, CPUs=2, Nodes=1
[    0.000000] Kernel/User page tables isolation: enabled
[    0.000000] ftrace: allocating 39508 entries in 155 pages
[    0.004000] Hierarchical RCU implementation.
[    0.004000] 	RCU restricting CPUs from NR_CPUS=8192 to nr_cpu_ids=2.
[    0.004000] 	Tasks RCU enabled.
[    0.004000] RCU: Adjusting geometry for rcu_fanout_leaf=16, nr_cpu_ids=2
[    0.004000] NR_IRQS: 524544, nr_irqs: 440, preallocated irqs: 16
[    0.004000] random: crng init done
[    0.004000] Console: colour VGA+ 80x25
[    0.004000] console [tty1] enabled
[    0.004000] console [ttyS0] enabled
[    0.004000] ACPI: Core revision 20170831
[    0.004000] ACPI: 2 ACPI AML tables successfully acquired and loaded
[    0.004000] APIC: Switch to symmetric I/O mode setup
[    0.004000] x2apic enabled
[    0.004000] Switched APIC routing to physical x2apic.
[    0.004000] ..TIMER: vector=0x30 apic1=0 pin1=2 apic2=-1 pin2=-1
[    0.004005] tsc: Detected 2904.004 MHz processor
[    0.004923] Calibrating delay loop (skipped) preset value.. 5808.00 BogoMIPS (lpj=11616016)
[    0.008005] pid_max: default: 32768 minimum: 301
[    0.008906] Security Framework initialized
[    0.009674] Yama: becoming mindful.
[    0.010360] AppArmor: AppArmor initialized
[    0.014561] Dentry cache hash table entries: 131072 (order: 8, 1048576 bytes)
[    0.016057] Inode-cache hash table entries: 65536 (order: 7, 524288 bytes)
[    0.017329] Mount-cache hash table entries: 2048 (order: 2, 16384 bytes)
[    0.018559] Mountpoint-cache hash table entries: 2048 (order: 2, 16384 bytes)
[    0.020257] Last level iTLB entries: 4KB 64, 2MB 8, 4MB 8
[    0.021247] Last level dTLB entries: 4KB 64, 2MB 0, 4MB 0, 1GB 4
[    0.022394] Spectre V1 : Mitigation: usercopy/swapgs barriers and __user pointer sanitization
[    0.023969] Spectre V2 : Mitigation: Retpolines
[    0.024002] Spectre V2 : Spectre v2 / SpectreRSB mitigation: Filling RSB on context switch
[    0.025580] Spectre V2 : Spectre v2 / SpectreRSB : Filling RSB on VMEXIT
[    0.026764] RETBleed: WARNING: Spectre v2 mitigation leaves CPU vulnerable to RETBleed attacks, data leaks possible!
[    0.028003] RETBleed: Vulnerable
[    0.029245] Speculative Store Bypass: Vulnerable
[    0.030208] MDS: Mitigation: Clear CPU buffers
[    0.032003] MMIO Stale Data: Mitigation: Clear CPU buffers
[    0.032994] SRBDS: Unknown: Dependent on hypervisor status
[    0.034377] Freeing SMP alternatives memory: 36K
[    0.145582] smpboot: CPU0: Intel(R) Core(TM) i7-7500U CPU @ 2.70GHz (family: 0x6, model: 0x8e, stepping: 0x9)
[    0.147679] Performance Events: unsupported p6 CPU model 142 no PMU driver, software events only.
[    0.148055] Hierarchical SRCU implementation.
[    0.149470] NMI watchdog: Perf event create on CPU 0 failed with -2
[    0.150708] NMI watchdog: Perf NMI watchdog permanently disabled
[    0.152043] smp: Bringing up secondary CPUs ...
[    0.153034] x86: Booting SMP configuration:
[    0.154018] .... node  #0, CPUs:      #1
[    0.004000] kvm-clock: cpu 1, msr 0:3ff44041, secondary cpu clock
[    0.160021] smp: Brought up 1 node, 2 CPUs
[    0.160849] smpboot: Max logical packages: 1
[    0.161750] smpboot: Total of 2 processors activated (11616.01 BogoMIPS)
[    0.163148] devtmpfs: initialized
[    0.164077] x86/mm: Memory block size: 128MB
[    0.165763] evm: security.selinux
[    0.166848] evm: security.SMACK64
[    0.168004] evm: security.SMACK64EXEC
[    0.168811] evm: security.SMACK64TRANSMUTE
[    0.170462] evm: security.SMACK64MMAP
[    0.171230] evm: security.apparmor
[    0.172004] evm: security.ima
[    0.172624] evm: security.capability
[    0.173493] clocksource: jiffies: mask: 0xffffffff max_cycles: 0xffffffff, max_idle_ns: 7645041785100000 ns
[    0.173996] futex hash table entries: 512 (order: 3, 32768 bytes)
[    0.176047] pinctrl core: initialized pinctrl subsystem
[    0.180072] RTC time: 19:34:39, date: 07/14/23
[    0.181151] NET: Registered protocol family 16
[    0.182223] audit: initializing netlink subsys (disabled)
[    0.184026] audit: type=2000 audit(1689363284.905:1): state=initialized audit_enabled=0 res=1
[    0.186175] cpuidle: using governor ladder
[    0.188010] cpuidle: using governor menu
[    0.188908] ACPI: bus type PCI registered
[    0.190312] acpiphp: ACPI Hot Plug PCI Controller Driver version: 0.5
[    0.191857] PCI: Using configuration type 1 for base access
[    0.192911] HugeTLB registered 2.00 MiB page size, pre-allocated 0 pages
[    0.196068] ACPI: Added _OSI(Module Device)
[    0.196917] ACPI: Added _OSI(Processor Device)
[    0.197838] ACPI: Added _OSI(3.0 _SCP Extensions)
[    0.198710] ACPI: Added _OSI(Processor Aggregator Device)
[    0.199728] ACPI: Added _OSI(Linux-Dell-Video)
[    0.200008] ACPI: Added _OSI(Linux-Lenovo-NV-HDMI-Audio)
[    0.200974] ACPI: Added _OSI(Linux-HPI-Hybrid-Graphics)
[    0.202376] ACPI: Executed 1 blocks of module-level executable AML code
[    0.209053] ACPI: Interpreter enabled
[    0.209769] ACPI: (supports S0 S5)
[    0.210444] ACPI: Using IOAPIC for interrupt routing
[    0.211651] PCI: Using host bridge windows from ACPI; if necessary, use "pci=nocrs" and report a bug
[    0.212183] ACPI: Enabled 2 GPEs in block 00 to 07
[    0.221808] ACPI: PCI Root Bridge [PCI0] (domain 0000 [bus 00-ff])
[    0.222954] acpi PNP0A03:00: _OSC: OS supports [ASPM ClockPM Segments MSI]
[    0.224590] acpi PNP0A03:00: _OSC: not requesting OS control; OS requires [ExtendedConfig ASPM ClockPM MSI]
[    0.226338] acpi PNP0A03:00: fail to add MMCONFIG information, can't access extended PCI configuration space under this bridge.
[    0.228640] PCI host bridge to bus 0000:00
[    0.230357] pci_bus 0000:00: root bus resource [io  0x0000-0x0cf7 window]
[    0.232004] pci_bus 0000:00: root bus resource [io  0x0d00-0xffff window]
[    0.233324] pci_bus 0000:00: root bus resource [mem 0x000a0000-0x000bffff window]
[    0.236006] pci_bus 0000:00: root bus resource [mem 0x40000000-0xfdffffff window]
[    0.237921] pci_bus 0000:00: root bus resource [bus 00-ff]
[    0.241287] pci 0000:00:01.1: legacy IDE quirk: reg 0x10: [io  0x01f0-0x01f7]
[    0.242695] pci 0000:00:01.1: legacy IDE quirk: reg 0x14: [io  0x03f6]
[    0.244000] pci 0000:00:01.1: legacy IDE quirk: reg 0x18: [io  0x0170-0x0177]
[    0.244005] pci 0000:00:01.1: legacy IDE quirk: reg 0x1c: [io  0x0376]
[    0.270222] pci 0000:00:07.0: quirk: [io  0x4000-0x403f] claimed by PIIX4 ACPI
[    0.272024] pci 0000:00:07.0: quirk: [io  0x4100-0x410f] claimed by PIIX4 SMB
[    0.282562] ACPI: PCI Interrupt Link [LNKA] (IRQs 5 9 10 *11)
[    0.284099] ACPI: PCI Interrupt Link [LNKB] (IRQs 5 9 *10 11)
[    0.286118] ACPI: PCI Interrupt Link [LNKC] (IRQs 5 *9 10 11)
[    0.288164] ACPI: PCI Interrupt Link [LNKD] (IRQs 5 9 10 *11)
[    0.290053] SCSI subsystem initialized
[    0.292033] pci 0000:00:02.0: vgaarb: setting as boot VGA device
[    0.293352] pci 0000:00:02.0: vgaarb: VGA device added: decodes=io+mem,owns=io+mem,locks=none
[    0.295146] pci 0000:00:02.0: vgaarb: bridge control possible
[    0.296003] vgaarb: loaded
[    0.296676] ACPI: bus type USB registered
[    0.297490] usbcore: registered new interface driver usbfs
[    0.298551] usbcore: registered new interface driver hub
[    0.299532] usbcore: registered new device driver usb
[    0.300048] EDAC MC: Ver: 3.0.0
[    0.301103] PCI: Using ACPI for IRQ routing
[    0.301768] NetLabel: Initializing
[    0.304003] NetLabel:  domain hash size = 128
[    0.304849] NetLabel:  protocols = UNLABELED CIPSOv4 CALIPSO
[    0.306056] NetLabel:  unlabeled traffic allowed by default
[    0.308087] clocksource: Switched to clocksource kvm-clock
[    0.325771] VFS: Disk quotas dquot_6.6.0
[    0.326706] VFS: Dquot-cache hash table entries: 512 (order 0, 4096 bytes)
[    0.328131] AppArmor: AppArmor Filesystem Enabled
[    0.329150] pnp: PnP ACPI init
[    0.330920] pnp: PnP ACPI: found 3 devices
[    0.339598] clocksource: acpi_pm: mask: 0xffffff max_cycles: 0xffffff, max_idle_ns: 2085701024 ns
[    0.341327] NET: Registered protocol family 2
[    0.342182] IP idents hash table entries: 16384 (order: 5, 131072 bytes)
[    0.346074] TCP established hash table entries: 8192 (order: 4, 65536 bytes)
[    0.347466] TCP bind hash table entries: 8192 (order: 5, 131072 bytes)
[    0.349298] TCP: Hash tables configured (established 8192 bind 8192)
[    0.350613] UDP hash table entries: 512 (order: 2, 16384 bytes)
[    0.351775] UDP-Lite hash table entries: 512 (order: 2, 16384 bytes)
[    0.353173] NET: Registered protocol family 1
[    0.354067] pci 0000:00:00.0: Limiting direct PCI/PCI transfers
[    0.355344] pci 0000:00:01.0: Activating ISA DMA hang workarounds
[    0.356630] pci 0000:00:02.0: Video device with shadowed ROM at [mem 0x000c0000-0x000dffff]
[    0.358407] Unpacking initramfs...
[    0.687343] Freeing initrd memory: 20396K
[    0.688373] clocksource: tsc: mask: 0xffffffffffffffff max_cycles: 0x29dc09beef1, max_idle_ns: 440795310252 ns
[    0.690414] platform rtc_cmos: registered platform RTC device (no PNP device found)
[    0.691967] Scanning for low memory corruption every 60 seconds
[    0.694029] Initialise system trusted keyrings
[    0.694999] Key type blacklist registered
[    0.695943] workingset: timestamp_bits=36 max_order=18 bucket_order=0
[    0.698367] zbud: loaded
[    0.699490] squashfs: version 4.0 (2009/01/31) Phillip Lougher
[    0.700947] fuse init (API version 7.26)
[    0.705118] Key type asymmetric registered
[    0.705921] Asymmetric key parser 'x509' registered
[    0.706843] Block layer SCSI generic (bsg) driver version 0.4 loaded (major 246)
[    0.708385] io scheduler noop registered
[    0.709358] io scheduler deadline registered
[    0.710727] io scheduler cfq registered (default)
[    0.712132] ACPI: AC Adapter [AC] (on-line)
[    0.713110] input: Power Button as /devices/LNXSYSTM:00/LNXPWRBN:00/input/input0
[    0.714789] ACPI: Power Button [PWRF]
[    0.715787] input: Sleep Button as /devices/LNXSYSTM:00/LNXSLPBN:00/input/input1
[    0.717434] ACPI: Sleep Button [SLPF]
[    0.720074] ACPI: Battery Slot [BAT0] (battery present)
[    0.720262] Serial: 8250/16550 driver, 32 ports, IRQ sharing enabled
[    0.743071] 00:02: ttyS0 at I/O 0x3f8 (irq = 4, base_baud = 115200) is a 16550A
[    0.746328] Linux agpgart interface v0.103
[    0.748887] loop: module loaded
[    0.750398] scsi host0: ata_piix
[    0.751496] scsi host1: ata_piix
[    0.752252] ata1: PATA max UDMA/33 cmd 0x1f0 ctl 0x3f6 bmdma 0xd000 irq 14
[    0.753620] ata2: PATA max UDMA/33 cmd 0x170 ctl 0x376 bmdma 0xd008 irq 15
[    0.755195] tun: Universal TUN/TAP device driver, 1.6
[    0.756403] PPP generic driver version 2.4.2
[    0.757417] ehci_hcd: USB 2.0 'Enhanced' Host Controller (EHCI) Driver
[    0.758754] ehci-pci: EHCI PCI platform driver
[    0.759747] ehci-platform: EHCI generic platform driver
[    0.760903] ohci_hcd: USB 1.1 'Open' Host Controller (OHCI) Driver
[    0.762149] ohci-pci: OHCI PCI platform driver
[    0.763031] ohci-platform: OHCI generic platform driver
[    0.764030] uhci_hcd: USB Universal Host Controller Interface driver
[    0.765414] i8042: PNP: PS/2 Controller [PNP0303:PS2K,PNP0f03:PS2M] at 0x60,0x64 irq 1,12
[    0.767622] serio: i8042 KBD port at 0x60,0x64 irq 1
[    0.769240] serio: i8042 AUX port at 0x60,0x64 irq 12
[    0.770389] mousedev: PS/2 mouse device common for all mice
[    0.771760] input: AT Translated Set 2 keyboard as /devices/platform/i8042/serio0/input/input2
[    0.774082] rtc_cmos rtc_cmos: rtc core: registered rtc_cmos as rtc0
[    0.775296] rtc_cmos rtc_cmos: alarms up to one day, 114 bytes nvram
[    0.776589] i2c /dev entries driver
[    0.777476] device-mapper: uevent: version 1.0.3
[    0.778589] device-mapper: ioctl: 4.37.0-ioctl (2017-09-20) initialised: dm-devel@redhat.com
[    0.780624] ledtrig-cpu: registered to indicate activity on CPUs
[    0.782329] NET: Registered protocol family 10
[    0.787409] Segment Routing with IPv6
[    0.788947] NET: Registered protocol family 17
[    0.790006] Key type dns_resolver registered
[    0.791292] mce: Using 0 MCE banks
[    0.792094] RAS: Correctable Errors collector initialized.
[    0.793328] sched_clock: Marking stable (793295830, 0)->(997449281, -204153451)
[    0.795435] registered taskstats version 1
[    0.796400] Loading compiled-in X.509 certificates
[    0.799630] Loaded X.509 cert 'Build time autogenerated kernel key: cdc7189136aaa35407544516090e2034d9c28e14'
[    0.803551] Loaded X.509 cert 'Canonical Ltd. Live Patch Signing: 14df34d1a87cf37625abec039ef2bf521249b969'
[    0.806071] Loaded X.509 cert 'Canonical Ltd. Kernel Module Signing: 88f752e560a1e0737e31163a466ad7b70a850c19'
[    0.808143] blacklist: Loading compiled-in revocation X.509 certificates
[    0.809453] Loaded X.509 cert 'Canonical Ltd. Secure Boot Signing: 61482aa2830d0ab2ad5af10b7250da9033ddcef0'
[    0.811476] Loaded X.509 cert 'Canonical Ltd. Secure Boot Signing (2017): 242ade75ac4a15e50d50c84b0d45ff3eae707a03'
[    0.814184] Loaded X.509 cert 'Canonical Ltd. Secure Boot Signing (ESM 2018): 365188c1d374d6b07c3c8f240f8ef722433d6a8b'
[    0.816377] Loaded X.509 cert 'Canonical Ltd. Secure Boot Signing (2019): c0746fd6c5da3ae827864651ad66ae47fe24b3e8'
[    0.818791] Loaded X.509 cert 'Canonical Ltd. Secure Boot Signing (2021 v1): a8d54bbb3825cfb94fa13c9f8a594a195c107b8d'
[    0.821015] Loaded X.509 cert 'Canonical Ltd. Secure Boot Signing (2021 v2): 4cf046892d6fd3c9a5b03f98d845f90851dc6a8c'
[    0.823072] Loaded X.509 cert 'Canonical Ltd. Secure Boot Signing (2021 v3): 100437bb6de6e469b581e61cd66bce3ef4ed53af'
[    0.825323] Loaded X.509 cert 'Canonical Ltd. Secure Boot Signing (Ubuntu Core 2019): c1d57b8f6b743f23ee41f4f7ee292f06eecadfb9'
[    0.828070] zswap: loaded using pool lzo/zbud
[    0.833699] Key type big_key registered
[    0.835211] Key type trusted registered
[    0.837985] Key type encrypted registered
[    0.839204] AppArmor: AppArmor sha1 policy hashing enabled
[    0.840812] ima: No TPM chip found, activating TPM-bypass! (rc=-19)
[    0.844547] ima: Allocated hash algorithm: sha1
[    0.852606] evm: HMAC attrs: 0x1
[    0.853810]   Magic number: 15:104:597
[    0.855402] rtc_cmos rtc_cmos: setting system clock to 2023-07-14 19:34:40 UTC (1689363280)
[    0.858802] BIOS EDD facility v0.16 2004-Jun-25, 0 devices found
[    0.860286] EDD information not available.
[    0.939588] Freeing unused kernel image memory: 2480K
[    0.952577] Write protecting the kernel read-only data: 20480k
[    0.954665] Freeing unused kernel image memory: 2008K
[    0.956279] Freeing unused kernel image memory: 1820K
[    0.965124] x86/mm: Checked W+X mappings: passed, no W+X pages found.
[    0.966406] x86/mm: Checking user space page tables
[    0.977522] x86/mm: Checked W+X mappings: passed, no W+X pages found.
Loading, please wait...
starting version 237
[    1.071087] Fusion MPT base driver 3.04.20
[    1.072230] Copyright (c) 1999-2008 LSI Corporation
[    1.075881] e1000: Intel(R) PRO/1000 Network Driver - version 7.3.21-k8-NAPI
[    1.078614] e1000: Copyright (c) 1999-2006 Intel Corporation.
[    1.094834] AVX2 version of gcm_enc/dec engaged.
[    1.096352] AES CTR mode by8 optimization enabled
[    1.098777] Fusion MPT SPI Host driver 3.04.20
[    1.297747] input: ImExPS/2 Generic Explorer Mouse as /devices/platform/i8042/serio1/input/input4
[    1.695453] e1000 0000:00:03.0 eth0: (PCI:33MHz:32-bit) 02:3b:7b:b7:3b:2d
[    1.696967] e1000 0000:00:03.0 eth0: Intel(R) PRO/1000 Network Connection
[    1.701045] mptbase: ioc0: Initiating bringup
[    1.701579] e1000 0000:00:03.0 enp0s3: renamed from eth0
[    2.725042] ioc0: LSI53C1030 A0: Capabilities={Initiator}
[    5.326711] scsi host2: ioc0: LSI53C1030 A0, FwRev=00000000h, Ports=1, MaxQ=256, IRQ=20
[    7.054772] scsi 2:0:0:0: Direct-Access     VBOX     HARDDISK         1.0  PQ: 0 ANSI: 5
[    7.088779] scsi target2:0:0: Beginning Domain Validation
[    7.092515] scsi target2:0:0: Domain Validation skipping write tests
[    7.093803] scsi target2:0:0: Ending Domain Validation
[    7.094791] scsi target2:0:0: asynchronous
[    7.096721] scsi 2:0:1:0: Direct-Access     VBOX     HARDDISK         1.0  PQ: 0 ANSI: 5
[    7.128680] scsi target2:0:1: Beginning Domain Validation
[    7.133216] scsi target2:0:1: Domain Validation skipping write tests
[    7.134361] scsi target2:0:1: Ending Domain Validation
[    7.135373] scsi target2:0:1: asynchronous
[    7.140055] sd 2:0:0:0: Attached scsi generic sg0 type 0
[    7.140196] sd 2:0:0:0: [sda] 83886080 512-byte logical blocks: (42.9 GB/40.0 GiB)
[    7.141913] sd 2:0:1:0: Attached scsi generic sg1 type 0
[    7.144455] sd 2:0:0:0: [sda] Write Protect is off
[    7.147984] sd 2:0:1:0: [sdb] 20480 512-byte logical blocks: (10.5 MB/10.0 MiB)
[    7.149725] sd 2:0:1:0: [sdb] Write Protect is off
[    7.150868] sd 2:0:1:0: [sdb] Incomplete mode parameter data
[    7.152038] sd 2:0:1:0: [sdb] Assuming drive cache: write through
[    7.153844] sd 2:0:0:0: [sda] Incomplete mode parameter data
[    7.155482] sd 2:0:0:0: [sda] Assuming drive cache: write through
[    7.155875] sd 2:0:1:0: [sdb] Attached SCSI disk
[    7.160174]  sda: sda1
[    7.162267] sd 2:0:0:0: [sda] Attached SCSI disk
Begin: Loading essential drivers ... [    8.760101] raid6: sse2x1   gen() 11131 MB/s
[    8.808083] raid6: sse2x1   xor()  6667 MB/s
[    8.856039] raid6: sse2x2   gen() 13966 MB/s
[    8.904080] raid6: sse2x2   xor()  7781 MB/s
[    8.952069] raid6: sse2x4   gen() 15300 MB/s
[    9.000037] raid6: sse2x4   xor()  9716 MB/s
[    9.048081] raid6: avx2x1   gen() 22459 MB/s
[    9.096046] raid6: avx2x1   xor() 15896 MB/s
[    9.144078] raid6: avx2x2   gen() 28811 MB/s
[    9.192038] raid6: avx2x2   xor() 17385 MB/s
[    9.240040] raid6: avx2x4   gen() 32352 MB/s
[    9.288049] raid6: avx2x4   xor() 18544 MB/s
[    9.289070] raid6: using algorithm avx2x4 gen() 32352 MB/s
[    9.290172] raid6: .... xor() 18544 MB/s, rmw enabled
[    9.291158] raid6: using avx2x2 recovery algorithm
[    9.293286] xor: automatically using best checksumming function   avx       
[    9.295847] async_tx: api initialized (async)
done.
Begin: Running /scripts/init-premount ... done.
Begin: Mounting root file system ... Begin: Running /scripts/local-top ... done.
Begin: Running /scripts/local-premount ... [    9.344684] Btrfs loaded, crc32c=crc32c-intel
Scanning for Btrfs filesystems
done.
Begin: Will now check root file system ... fsck from util-linux 2.31.1
[/sbin/fsck.ext4 (1) -- /dev/sda1] fsck.ext4 -a -C0 /dev/sda1 
cloudimg-rootfs: clean, 156853/5120000 files, 1000642/10485499 blocks
done.
[    9.384790] EXT4-fs (sda1): mounted filesystem with ordered data mode. Opts: (null)
done.
Begin: Running /scripts/local-bottom ... done.
Begin: Running /scripts/init-bottom ... done.
[    9.554826] ip_tables: (C) 2000-2006 Netfilter Core Team
[    9.562506] systemd[1]: systemd 237 running in system mode. (+PAM +AUDIT +SELINUX +IMA +APPARMOR +SMACK +SYSVINIT +UTMP +LIBCRYPTSETUP +GCRYPT +GNUTLS +ACL +XZ +LZ4 +SECCOMP +BLKID +ELFUTILS +KMOD -IDN2 +IDN -PCRE2 default-hierarchy=hybrid)
[    9.567242] systemd[1]: Detected virtualization oracle.
[    9.569014] systemd[1]: Detected architecture x86-64.

Welcome to [1mUbuntu 18.04.6 LTS[0m!

[    9.585006] systemd[1]: Set hostname to <ubuntu-bionic>.
[    9.875676] systemd[1]: Reached target Swap.
[[0;32m  OK  [0m] Reached target Swap.
[    9.889747] systemd[1]: Created slice System Slice.
[[0;32m  OK  [0m] Created slice System Slice.
[    9.891720] systemd[1]: Created slice system-postgresql.slice.
[[0;32m  OK  [0m] Created slice system-postgresql.slice.
[    9.893723] systemd[1]: Listening on Journal Socket.
[[0;32m  OK  [0m] Listening on Journal Socket.
[    9.895487] systemd[1]: Listening on Network Service Netlink Socket.
[[0;32m  OK  [0m] Listening on Network Service Netlink Socket.
[    9.897610] systemd[1]: Listening on Journal Socket (/dev/log).
[[0;32m  OK  [0m] Listening on Journal Socket (/dev/log).
[[0;32m  OK  [0m] Listening on LVM2 metadata daemon socket.
         Starting Load Kernel Modules...
[[0;32m  OK  [0m] Listening on /dev/initctl Compatibility Named Pipe.
[[0;32m  OK  [0m] Listening on LVM2 poll daemon socket.
[[0;32m  OK  [0m] Listening on Syslog Socket.
[[0;32m  OK  [0m] Listening on udev Control Socket.
[[0;32m  OK  [0m] Listening on fsck to fsckd communication Socket.
[[0;32m  OK  [0m] Started Forward Password Requests to Wall Directory Watch.
[[0;32m  OK  [0m] Listening on Device-mapper event daemon FIFOs.
         Starting Monitoring of LVM2 mirrors…ng dmeventd or progress polling...
[    9.928471] Loading iSCSI transport class v2.0-870.
         Starting Set the console keyboard layout...
         Mounting Huge Pages File System...
[[0;32m  OK  [0m] Reached target System Time Synchronized.
[    9.938012] iscsi: registered transport (tcp)
         Starting Remount Root and Kernel File Systems...
         Starting Uncomplicated firewall...
         Mounting Kernel Debug File System...
[[0;32m  OK  [0m] Listening on udev Kernel Socket.
         Starting udev Coldplug all Devices...
[[0;32m  OK  [0m] Reached target Mounting snaps.
[[0;32m  OK  [0m] Reached target Mounted snaps.
[    9.958396] iscsi: registered transport (iser)
[[0;32m  OK  [0m] Set up automount Arbitrary Executab…rmats File System Automount Point.
[[0;32m  OK  [0m] Created slice system-serial\x2dgetty.slice.
[[0;32m  OK  [0m] Created slice User and Session Slice.
         Starting Create list of required st…ce nodes for the current kernel...
[[0;32m  OK  [0m] Reached target User and Group Name Lookups.
         Mounting POSIX Message Queue File System...
[[0;32m  OK  [0m] Reached target Slices.
[[0;32m  OK  [0m] Listening on Journal Audit Socket.
         Starting Journal Service...
[[0;32m  OK  [0m] Started Load Kernel Modules.
[[0;32m  OK  [0m] Started Uncomplicated firewall.
[[0;32m  OK  [0m] Mounted Kernel Debug File System.
[   10.093276] EXT4-fs (sda1): re-mounted. Opts: (null)
[[0;32m  OK  [0m] Mounted Huge Pages File System.
[[0;32m  OK  [0m] Started Remount Root and Kernel File Systems.
[[0;32m  OK  [0m] Started Create list of required sta…vice nodes for the current kernel.
[[0;32m  OK  [0m] Mounted POSIX Message Queue File System.
[[0;32m  OK  [0m] Started LVM2 metadata daemon.
         Starting Create Static Device Nodes in /dev...
         Starting Load/Save Random Seed...
         Mounting FUSE Control File System...
         Mounting Kernel Configuration File System...
         Starting Apply Kernel Variables...
[[0;32m  OK  [0m] Started Journal Service.
[[0;32m  OK  [0m] Mounted FUSE Control File System.
[[0;32m  OK  [0m] Mounted Kernel Configuration File System.
         Starting Flush Journal to Persistent Storage...
[[0;32m  OK  [0m] Started Load/Save Random Seed.
[[0;32m  OK  [0m] Started Monitoring of LVM2 mirrors,…sing dmeventd or progress polling.
[[0;32m  OK  [0m] Started udev Coldplug all Devices.
[[0;32m  OK  [0m] Started Apply Kernel Variables.
[[0;32m  OK  [0m] Started Create Static Device Nodes in /dev.
         Starting udev Kernel Device Manager...
[[0;32m  OK  [0m] Started Set the console keyboard layout.
[[0;32m  OK  [0m] Reached target Local File Systems (Pre).
[[0;32m  OK  [0m] Reached target Local File Systems.
         Starting Set console font and keymap...
         Starting Tell Plymouth To Write Out Runtime Data...
         Starting ebtables ruleset management...
         Starting AppArmor initialization...
[[0;32m  OK  [0m] Started udev Kernel Device Manager.
[[0;32m  OK  [0m] Started Dispatch Password Requests to Console Directory Watch.
[[0;32m  OK  [0m] Reached target Local Encrypted Volumes.
[[0;32m  OK  [0m] Started Set console font and keymap.
[[0;32m  OK  [0m] Started Tell Plymouth To Write Out Runtime Data.
[[0;32m  OK  [0m] Started Flush Journal to Persistent Storage.
         Starting Create Volatile Files and Directories...
[[0;32m  OK  [0m] Started ebtables ruleset management.
[[0;32m  OK  [0m] Started Create Volatile Files and Directories.
         Starting Update UTMP about System Boot/Shutdown...
[[0;32m  OK  [0m] Started Update UTMP about System Boot/Shutdown.
[[0;32m  OK  [0m] Started AppArmor initialization.
         Starting Load AppArmor profiles managed internally by snapd...
         Starting Initial cloud-init job (pre-networking)...
         Mounting Arbitrary Executable File Formats File System...
[[0;32m  OK  [0m] Mounted Arbitrary Executable File Formats File System.
[[0;32m  OK  [0m] Found device /dev/ttyS0.
[[0;32m  OK  [0m] Started Load AppArmor profiles managed internally by snapd.
[[0;32m  OK  [0m] Listening on Load/Save RF Kill Switch Status /dev/rfkill Watch.
[   12.156678] cloud-init[546]: Cloud-init v. 23.1.2-0ubuntu0~18.04.1 running 'init-local' at Fri, 14 Jul 2023 19:34:51 +0000. Up 11.91 seconds.
[[0;32m  OK  [0m] Started Initial cloud-init job (pre-networking).
[[0;32m  OK  [0m] Reached target Network (Pre).
         Starting Network Service...
[[0;32m  OK  [0m] Started Network Service.
         Starting Wait for Network to be Configured...
         Starting Network Name Resolution...
[[0;32m  OK  [0m] Started Network Name Resolution.
[[0;32m  OK  [0m] Reached target Host and Network Name Lookups.
[[0;32m  OK  [0m] Reached target Network.
[[0;32m  OK  [0m] Started Wait for Network to be Configured.
         Starting Initial cloud-init job (metadata service crawler)...
[   14.308812] cloud-init[686]: Cloud-init v. 23.1.2-0ubuntu0~18.04.1 running 'init' at Fri, 14 Jul 2023 19:34:53 +0000. Up 14.07 seconds.
[   14.320314] cloud-init[686]: ci-info: ++++++++++++++++++++++++++++++++++++++Net device info++++++++++++++++++++++++++++++++++++++
[   14.323039] cloud-init[686]: ci-info: +--------+------+----------------------------+---------------+--------+-------------------+
[   14.325845] cloud-init[686]: ci-info: | Device |  Up  |          Address           |      Mask     | Scope  |     Hw-Address    |
[   14.328615] cloud-init[686]: ci-info: +--------+------+----------------------------+---------------+--------+-------------------+
[   14.330434] cloud-init[686]: ci-info: | enp0s3 | True |         10.0.2.15          | 255.255.255.0 | global | 02:3b:7b:b7:3b:2d |
[   14.331695] cloud-init[686]: ci-info: | enp0s3 | True | fe80::3b:7bff:feb7:3b2d/64 |       .       |  link  | 02:3b:7b:b7:3b:2d |
[   14.333741] cloud-init[686]: ci-info: |   lo   | True |         127.0.0.1          |   255.0.0.0   |  host  |         .         |
[   14.336146] cloud-init[686]: ci-info: |   lo   | True |          ::1/128           |       .       |  host  |         .         |
[   14.337595] cloud-init[686]: ci-info: +--------+------+----------------------------+---------------+--------+-------------------+
[   14.340080] cloud-init[686]: ci-info: ++++++++++++++++++++++++++++Route IPv4 info+++++++++++++++++++++++++++++
[   14.342380] cloud-init[686]: ci-info: +-------+-------------+----------+-----------------+-----------+-------+
[   14.344136] cloud-init[686]: ci-info: | Route | Destination | Gateway  |     Genmask     | Interface | Flags |
[   14.345760] cloud-init[686]: ci-info: +-------+-------------+----------+-----------------+-----------+-------+
[   14.347235] cloud-init[686]: ci-info: |   0   |   0.0.0.0   | 10.0.2.2 |     0.0.0.0     |   enp0s3  |   UG  |
[   14.348817] cloud-init[686]: ci-info: |   1   |   10.0.2.0  | 0.0.0.0  |  255.255.255.0  |   enp0s3  |   U   |
[   14.351856] cloud-init[686]: ci-info: |   2   |   10.0.2.2  | 0.0.0.0  | 255.255.255.255 |   enp0s3  |   UH  |
[   14.354302] cloud-init[686]: ci-info: +-------+-------------+----------+-----------------+-----------+-------+
[   14.356612] cloud-init[686]: ci-info: +++++++++++++++++++Route IPv6 info+++++++++++++++++++
[   14.358647] cloud-init[686]: ci-info: +-------+-------------+---------+-----------+-------+
[   14.360664] cloud-init[686]: ci-info: | Route | Destination | Gateway | Interface | Flags |
[   14.362497] cloud-init[686]: ci-info: +-------+-------------+---------+-----------+-------+
[   14.364496] cloud-init[686]: ci-info: |   1   |  fe80::/64  |    ::   |   enp0s3  |   U   |
[   14.366395] cloud-init[686]: ci-info: |   3   |    local    |    ::   |   enp0s3  |   U   |
[   14.368454] cloud-init[686]: ci-info: |   4   |   ff00::/8  |    ::   |   enp0s3  |   U   |
[   14.370387] cloud-init[686]: ci-info: +-------+-------------+---------+-----------+-------+
[[0;32m  OK  [0m] Started Initial cloud-init job (metadata service crawler).
[[0;32m  OK  [0m] Reached target Network is Online.
[[0;32m  OK  [0m] Reached target Remote File Systems (Pre).
         Mounting /vagrant...
         Starting Availability of block devices...
[[0;32m  OK  [0m] Reached target System Initialization.
[[0;32m  OK  [0m] Started Message of the Day.
[[0;32m  OK  [0m] Started ACPI Events Check.
[[0;32m  OK  [0m] Reached target Paths.
[[0;32m  OK  [0m] Listening on ACPID Listen Socket.
         Starting Socket activation for snappy daemon.
[[0;32m  OK  [0m] Started Daily Cleanup of Temporary Directories.
[[0;32m  OK  [0m] Listening on Open-iSCSI iscsid Socket.
[[0;32m  OK  [0m] Started Discard unused blocks once a week.
         Starting LXD - unix socket.
[[0;32m  OK  [0m] Listening on UUID daemon activation socket.
[[0;32m  OK  [0m] Started Daily apt download activities.
[[0;32m  OK  [0m] Started Daily apt upgrade and clean activities.
[[0;32m  OK  [0m] Listening on D-Bus System Message Bus Socket.
[[0;32m  OK  [0m] Listening on cloud-init hotplug hook socket.
[[0;32m  OK  [0m] Started Ubuntu Advantage Timer for running repeated jobs.
[[0;32m  OK  [0m] Reached target Timers.
[[0;32m  OK  [0m] Reached target Cloud-config availability.
[[0;32m  OK  [0m] Mounted /vagrant.
[[0;32m  OK  [0m] Started Availability of block devices.
[[0;32m  OK  [0m] Listening on Socket activation for snappy daemon.
[[0;32m  OK  [0m] Listening on LXD - unix socket.
[[0;32m  OK  [0m] Reached target Sockets.
[[0;32m  OK  [0m] Reached target Basic System.
         Starting PostgreSQL Cluster 10-main...
         Starting Accounts Service...
[[0;32m  OK  [0m] Started D-Bus System Message Bus.
         Starting LSB: Record successful boot for GRUB...
         Starting LXD - container startup/shutdown...
[[0;32m  OK  [0m] Started FUSE filesystem for LXC.
[[0;32m  OK  [0m] Reached target Login Prompts (Pre).
         Starting Virtualbox guest utils...
         Starting Login Service...
[[0;32m  OK  [0m] Started irqbalance daemon.
         Starting Resets System Activity Data Collector...
[[0;32m  OK  [0m] Started Deferred execution scheduler.
         Starting OpenBSD Secure Shell server...
         Starting System Logging Service...
         Starting Dispatcher daemon for systemd-networkd...
[[0;32m  OK  [0m] Started Regular background program processing daemon.
         Starting Snap Daemon...
[[0;32m  OK  [0m] Reached target Remote File Systems.
         Starting LSB: automatic crash report generation...
         Starting Permit User Sessions...
[[0;32m  OK  [0m] Started System Logging Service.
[[0;32m  OK  [0m] Started LXD - container startup/shutdown.
[[0;32m  OK  [0m] Started Resets System Activity Data Collector.
[[0;32m  OK  [0m] Started OpenBSD Secure Shell server.
[[0;32m  OK  [0m] Started Permit User Sessions.
[[0;32m  OK  [0m] Started Login Service.
[[0;32m  OK  [0m] Started Unattended Upgrades Shutdown.
         Starting Terminate Plymouth Boot Screen...
         Starting Hold until boot process finishes up...
         Starting Authorization Manager...
[[0;32m  OK  [0m] Started Hold until boot process finishes up.
[[0;32m  OK  [0m] Started Serial Getty on ttyS0.
         Starting Set console scheme...
[[0;32m  OK  [0m] Started Terminate Plymouth Boot Screen.
[[0;32m  OK  [0m] Started Set console scheme.
[[0;32m  OK  [0m] Created slice system-getty.slice.
[[0;32m  OK  [0m] Started Getty on tty1.
[[0;32m  OK  [0m] Reached target Login Prompts.
[[0;32m  OK  [0m] Started Authorization Manager.
[[0;32m  OK  [0m] Started Accounts Service.
[[0;32m  OK  [0m] Started LSB: Record successful boot for GRUB.
[[0;32m  OK  [0m] Started Virtualbox guest utils.
[[0;32m  OK  [0m] Started LSB: automatic crash report generation.
[[0;32m  OK  [0m] Started Dispatcher daemon for systemd-networkd.
[[0;32m  OK  [0m] Started Snap Daemon.
         Starting Time & Date Service...
         Starting Wait until snapd is fully seeded...
[[0;32m  OK  [0m] Started Time & Date Service.
[[0;32m  OK  [0m] Started Wait until snapd is fully seeded.
         Starting Apply the settings specified in cloud-config...
[   16.869658] cloud-init[1134]: Cloud-init v. 23.1.2-0ubuntu0~18.04.1 running 'modules:config' at Fri, 14 Jul 2023 19:34:56 +0000. Up 16.70 seconds.
[[0;32m  OK  [0m] Started Apply the settings specified in cloud-config.
[[0;32m  OK  [0m] Started PostgreSQL Cluster 10-main.
         Starting PostgreSQL RDBMS...
[[0;32m  OK  [0m] Started PostgreSQL RDBMS.
[[0;32m  OK  [0m] Reached target Multi-User System.
         Starting Execute cloud user/final scripts...
[[0;32m  OK  [0m] Reached target Graphical Interface.
         Starting Update UTMP about System Runlevel Changes...
[[0;32m  OK  [0m] Started Update UTMP about System Runlevel Changes.
[   18.848382] cloud-init[1204]: Cloud-init v. 23.1.2-0ubuntu0~18.04.1 running 'modules:final' at Fri, 14 Jul 2023 19:34:58 +0000. Up 18.64 seconds.
[   18.850316] cloud-init[1204]: Cloud-init v. 23.1.2-0ubuntu0~18.04.1 finished at Fri, 14 Jul 2023 19:34:58 +0000. Datasource DataSourceNoCloud [seed=/dev/sdb][dsmode=net].  Up 18.83 seconds
[[0;32m  OK  [0m] Started Execute cloud user/final scripts.
[[0;32m  OK  [0m] Reached target Cloud-init target.

Ubuntu 18.04.6 LTS ubuntu-bionic ttyS0

ubuntu-bionic login: [ 5040.901328] Out of memory: Kill process 1920 (ruby) score 819 or sacrifice child
[ 5040.904294] Killed process 1920 (ruby) total-vm:1184028kB, anon-rss:824968kB, file-rss:0kB, shmem-rss:0kB
[[0;32m  OK  [0m] Stopped Unattended Upgrades Shutdown.
[[0;32m  OK  [0m] Closed Load/Save RF Kill Switch Status /dev/rfkill Watch.
[[0;32m  OK  [0m] Stopped target Host and Network Name Lookups.
         Stopping Authorization Manager...
[[0;32m  OK  [0m] Stopped target Graphical Interface.
         Stopping Availability of block devices...
[[0;32m  OK  [0m] Stopped target Cloud-init target.
[[0;32m  OK  [0m] Stopped Execute cloud user/final scripts.
[[0;32m  OK  [0m] Stopped Apply the settings specified in cloud-config.
[[0;32m  OK  [0m] Stopped target Cloud-config availability.
[[0;32m  OK  [0m] Stopped target Multi-User System.
         Stopping Deferred execution scheduler...
         Stopping LSB: automatic crash report generation...
         Stopping Regular background program processing daemon...
         Stopping LXD - container startup/shutdown...
         Stopping D-Bus System Message Bus...
         Stopping irqbalance daemon...
         Stopping Dispatcher daemon for systemd-networkd...
[[0;32m  OK  [0m] Stopped target Login Prompts.
         Stopping Serial Getty on ttyS0...
         Stopping System Logging Service...
[[0;32m  OK  [0m] Stopped PostgreSQL RDBMS.
         Stopping FUSE filesystem for LXC...
[[0;32m  OK  [0m] Stopped Wait until snapd is fully seeded.
         Stopping PostgreSQL Cluster 10-main...
[[0;32m  OK  [0m] Stopped target Timers.
[[0;32m  OK  [0m] Stopped Discard unused blocks once a week.
[[0;32m  OK  [0m] Stopped Ubuntu Advantage Timer for running repeated jobs.
[[0;32m  OK  [0m] Stopped Daily apt upgrade and clean activities.
[[0;32m  OK  [0m] Stopped Daily apt download activities.
[[0;32m  OK  [0m] Stopped Daily Cleanup of Temporary Directories.
[[0;32m  OK  [0m] Stopped Message of the Day.
[[0;32m  OK  [0m] Stopped target System Time Synchronized.
         Stopping Session 47 of user vagrant.
[[0;32m  OK  [0m] Stopped Resets System Activity Data Collector.
         Stopping OpenBSD Secure Shell server...
         Stopping Virtualbox guest utils...
         Stopping LSB: Record successful boot for GRUB...
         Stopping Accounts Service...
         Stopping Getty on tty1...
         Stopping User Manager for UID 1000...
[[0;32m  OK  [0m] Unmounted /var/lib/lxcfs.
[[0;32m  OK  [0m] Stopped irqbalance daemon.
[[0;32m  OK  [0m] Stopped Accounts Service.
[[0;32m  OK  [0m] Stopped Deferred execution scheduler.
[[0;32m  OK  [0m] Stopped System Logging Service.
[[0;32m  OK  [0m] Stopped Dispatcher daemon for systemd-networkd.
[[0;32m  OK  [0m] Stopped Regular background program processing daemon.
[[0;32m  OK  [0m] Stopped OpenBSD Secure Shell server.
[[0;32m  OK  [0m] Stopped Authorization Manager.
[[0;32m  OK  [0m] Stopped Serial Getty on ttyS0.
[[0;32m  OK  [0m] Stopped Getty on tty1.
[[0;32m  OK  [0m] Stopped User Manager for UID 1000.
[[0;32m  OK  [0m] Stopped D-Bus System Message Bus.
[[0;32m  OK  [0m] Stopped FUSE filesystem for LXC.
[[0;32m  OK  [0m] Stopped Session 47 of user vagrant.
[[0;32m  OK  [0m] Removed slice User Slice of vagrant.
         Stopping Login Service...
[[0;32m  OK  [0m] Removed slice system-getty.slice.
[[0;32m  OK  [0m] Stopped target Login Prompts (Pre).
         Stopping Permit User Sessions...
[[0;32m  OK  [0m] Removed slice system-serial\x2dgetty.slice.
[[0;32m  OK  [0m] Stopped LXD - container startup/shutdown.
[[0;32m  OK  [0m] Stopped Availability of block devices.
[[0;32m  OK  [0m] Stopped Permit User Sessions.
[[0;32m  OK  [0m] Stopped Login Service.
[[0;32m  OK  [0m] Stopped target User and Group Name Lookups.
[[0;32m  OK  [0m] Stopped LSB: Record successful boot for GRUB.
[[0;32m  OK  [0m] Stopped LSB: automatic crash report generation.
[[0;32m  OK  [0m] Stopped target Remote File Systems.
         Unmounting /vagrant...
[[0;32m  OK  [0m] Unmounted /vagrant.
[[0;32m  OK  [0m] Stopped target Network is Online.
[[0;32m  OK  [0m] Stopped target Remote File Systems (Pre).
[[0;32m  OK  [0m] Stopped target Network.
         Stopping Network Name Resolution...
[[0;32m  OK  [0m] Stopped Virtualbox guest utils.
[[0;32m  OK  [0m] Stopped Network Name Resolution.
[  [0;31m*[0;1;31m*[0m[0;31m* [0m] A stop job is running for PostgreSQL Cluster 10-main (5s / 1h)[K[   [0;31m*[0;1;31m*[0m[0;31m*[0m] A stop job is running for PostgreSQL Cluster 10-main (6s / 1h)[K[    [0;31m*[0;1;31m*[0m] A stop job is running for PostgreSQL Cluster 10-main (6s / 1h)[K[     [0;31m*[0m] A stop job is running for PostgreSQL Cluster 10-main (7s / 1h)[K[    [0;31m*[0;1;31m*[0m] A stop job is running for PostgreSQL Cluster 10-main (7s / 1h)[K[[0;32m  OK  [0m] Stopped PostgreSQL Cluster 10-main.
[[0;32m  OK  [0m] Removed slice system-postgresql.slice.
[[0;32m  OK  [0m] Stopped target Basic System.
[[0;32m  OK  [0m] Stopped target Sockets.
[[0;32m  OK  [0m] Closed cloud-init hotplug hook socket.
[[0;32m  OK  [0m] Closed LXD - unix socket.
[[0;32m  OK  [0m] Closed Open-iSCSI iscsid Socket.
[[0;32m  OK  [0m] Closed UUID daemon activation socket.
[[0;32m  OK  [0m] Closed ACPID Listen Socket.
[[0;32m  OK  [0m] Closed Syslog Socket.
[[0;32m  OK  [0m] Closed Socket activation for snappy daemon.
[[0;32m  OK  [0m] Closed D-Bus System Message Bus Socket.
[[0;32m  OK  [0m] Stopped target Paths.
[[0;32m  OK  [0m] Stopped ACPI Events Check.
[[0;32m  OK  [0m] Stopped target System Initialization.
         Stopping Update UTMP about System Boot/Shutdown...
         Stopping Load/Save Random Seed...
[[0;32m  OK  [0m] Stopped Initial cloud-init job (metadata service crawler).
[[0;32m  OK  [0m] Stopped Wait for Network to be Configured.
         Stopping Network Service...
[[0;32m  OK  [0m] Stopped target Local Encrypted Volumes.
[[0;32m  OK  [0m] Stopped Forward Password Requests to Wall Directory Watch.
[[0;32m  OK  [0m] Stopped Dispatch Password Requests to Console Directory Watch.
[[0;32m  OK  [0m] Stopped target Slices.
[[0;32m  OK  [0m] Removed slice User and Session Slice.
[[0;32m  OK  [0m] Stopped Update UTMP about System Boot/Shutdown.
[[0;32m  OK  [0m] Stopped Load/Save Random Seed.
[[0;32m  OK  [0m] Stopped Create Volatile Files and Directories.
[[0;32m  OK  [0m] Stopped target Local File Systems.
         Unmounting /run/user/1000...
[[0;32m  OK  [0m] Stopped target Mounted snaps.
[[0;32m  OK  [0m] Stopped target Mounting snaps.
[[0;32m  OK  [0m] Stopped Network Service.
[[0;32m  OK  [0m] Stopped Apply Kernel Variables.
[[0;32m  OK  [0m] Stopped Load Kernel Modules.
[[0;32m  OK  [0m] Stopped target Network (Pre).
[[0;32m  OK  [0m] Stopped Initial cloud-init job (pre-networking).
[[0;32m  OK  [0m] Unmounted /run/user/1000.
[[0;32m  OK  [0m] Reached target Unmount All Filesystems.
[[0;32m  OK  [0m] Stopped target Swap.
[[0;32m  OK  [0m] Stopped target Local File Systems (Pre).
[[0;32m  OK  [0m] Stopped Create Static Device Nodes in /dev.
[[0;32m  OK  [0m] Stopped Remount Root and Kernel File Systems.
[[0;32m  OK  [0m] Reached target Shutdown.
[[0;32m  OK  [0m] Reached target Final Step.
         Starting Power-Off...
         Stopping Monitoring of LVM2 mirrors…ng dmeventd or progress polling...
[ 5052.923358] reboot: Power down
